\BOOKMARK [1][-]{section.1}{\376\377\000I\000n\000t\000r\000o\000d\000u\000c\000t\000i\000o\000n}{}% 1
\BOOKMARK [2][-]{subsection.1.1}{\376\377\000C\000o\000n\000t\000e\000x\000t\000e}{section.1}% 2
\BOOKMARK [2][-]{subsection.1.2}{\376\377\000O\000b\000j\000e\000c\000t\000i\000f\000\040\000e\000t\000\040\000t\000r\000a\000v\000a\000i\000l\000\040\000r\000\351\000a\000l\000i\000s\000\351}{section.1}% 3
\BOOKMARK [2][-]{subsection.1.3}{\376\377\000L\000'\000a\000p\000p\000r\000e\000n\000t\000i\000s\000s\000a\000g\000e\000\040\000p\000a\000r\000\040\000r\000e\000n\000f\000o\000r\000c\000e\000m\000e\000n\000t}{section.1}% 4
\BOOKMARK [1][-]{section.2}{\376\377\000S\000i\000m\000u\000l\000a\000t\000i\000o\000n}{}% 5
\BOOKMARK [2][-]{subsection.2.1}{\376\377\000L\000e\000\040\000s\000i\000m\000u\000l\000a\000t\000e\000u\000r\000\040\000W\000e\000b\000o\000t\000s}{section.2}% 6
\BOOKMARK [2][-]{subsection.2.2}{\376\377\000L\000e\000\040\000c\000i\000r\000c\000u\000i\000t}{section.2}% 7
\BOOKMARK [2][-]{subsection.2.3}{\376\377\000L\000a\000\040\000v\000o\000i\000t\000u\000r\000e}{section.2}% 8
\BOOKMARK [2][-]{subsection.2.4}{\376\377\000L\000e\000\040\000l\000i\000d\000a\000r}{section.2}% 9
\BOOKMARK [1][-]{section.3}{\376\377\000S\000i\000m\000u\000l\000a\000t\000i\000o\000n\000\040\000t\000o\000\040\000r\000e\000a\000l\000\040\000w\000o\000r\000l\000d}{}% 10
\BOOKMARK [2][-]{subsection.3.1}{\376\377\000L\000e\000\040\000p\000r\000o\000b\000l\000\350\000m\000e\000\040\000d\000u\000\040\000S\000i\000m\000T\000o\000R\000e\000a\000l}{section.3}% 11
\BOOKMARK [2][-]{subsection.3.2}{\376\377\000A\000m\000\351\000l\000i\000o\000r\000a\000t\000i\000o\000n\000\040\000d\000e\000\040\000l\000a\000\040\000r\000e\000s\000s\000s\000e\000m\000b\000l\000a\000n\000c\000e\000\040\000e\000n\000t\000r\000e\000\040\000l\000e\000\040\000s\000i\000m\000u\000l\000a\000t\000e\000u\000r\000\040\000e\000t\000\040\000l\000e\000\040\000m\000o\000n\000d\000e\000\040\000r\000\351\000e\000l}{section.3}% 12
\BOOKMARK [3][-]{subsubsection.3.2.1}{\376\377\000A\000m\000\351\000l\000i\000o\000r\000a\000t\000i\000o\000n\000\040\000d\000e\000\040\000l\000a\000\040\000s\000i\000m\000u\000l\000a\000t\000i\000o\000n}{subsection.3.2}% 13
\BOOKMARK [3][-]{subsubsection.3.2.2}{\376\377\000C\000o\000r\000r\000e\000c\000t\000i\000o\000n\000\040\000s\000u\000r\000\040\000l\000a\000\040\000v\000o\000i\000t\000u\000r\000e\000\040\000r\000\351\000e\000l\000l\000e}{subsection.3.2}% 14
\BOOKMARK [2][-]{subsection.3.3}{\376\377\000A\000m\000\351\000l\000i\000o\000r\000a\000t\000i\000o\000n\000s\000\040\000p\000o\000s\000s\000i\000b\000l\000e\000s}{section.3}% 15
\BOOKMARK [2][-]{subsection.3.4}{\376\377\000I\000n\000t\000r\000o\000d\000u\000c\000t\000i\000o\000n\000\040\000d\000u\000\040\000b\000r\000u\000i\000t\000\040\000p\000o\000u\000r\000\040\000a\000m\000\351\000l\000i\000o\000r\000e\000r\000\040\000l\000a\000\040\000s\000i\000m\000u\000l\000a\000t\000i\000o\000n}{section.3}% 16
\BOOKMARK [3][-]{subsubsection.3.4.1}{\376\377\000B\000r\000u\000i\000t\000\040\000s\000u\000r\000\040\000l\000e\000s\000\040\000m\000e\000s\000u\000r\000e\000s}{subsection.3.4}% 17
\BOOKMARK [3][-]{subsubsection.3.4.2}{\376\377\000B\000r\000u\000i\000t\000\040\000s\000u\000r\000\040\000l\000e\000s\000\040\000a\000c\000t\000i\000o\000n\000s}{subsection.3.4}% 18
\BOOKMARK [1][-]{section.4}{\376\377\000A\000p\000p\000l\000i\000c\000a\000t\000i\000o\000n\000\040\000\340\000\040\000l\000a\000\040\000v\000o\000i\000t\000u\000r\000e\000\040\000a\000u\000t\000o\000n\000o\000m\000e}{}% 19
\BOOKMARK [2][-]{subsection.4.1}{\376\377\000E\000s\000p\000a\000c\000e\000\040\000d\000'\000o\000b\000s\000e\000r\000v\000a\000t\000i\000o\000n}{section.4}% 20
\BOOKMARK [2][-]{subsection.4.2}{\376\377\000E\000s\000p\000a\000c\000e\000\040\000d\000'\000a\000c\000t\000i\000o\000n}{section.4}% 21
\BOOKMARK [1][-]{section.5}{\376\377\000E\000n\000t\000r\000a\000\356\000n\000e\000m\000e\000n\000t\000\040\000d\000u\000\040\000r\000\351\000s\000e\000a\000u\000\040\000d\000e\000\040\000n\000e\000u\000r\000o\000n\000e\000s}{}% 22
\BOOKMARK [2][-]{subsection.5.1}{\376\377\000A\000l\000g\000o\000r\000i\000t\000h\000m\000e\000\040\000d\000'\000a\000p\000p\000r\000e\000n\000t\000i\000s\000s\000a\000g\000e}{section.5}% 23
\BOOKMARK [2][-]{subsection.5.2}{\376\377\000R\000\351\000s\000e\000a\000u\000\040\000d\000e\000\040\000n\000e\000u\000r\000o\000n\000e\000s\000\040\000a\000v\000e\000c\000\040\000S\000t\000a\000b\000l\000e\000-\000B\000a\000s\000e\000l\000i\000n\000e\000s\0003}{section.5}% 24
\BOOKMARK [2][-]{subsection.5.3}{\376\377\000F\000o\000n\000c\000t\000i\000o\000n\000\040\000d\000e\000\040\000r\000\351\000c\000o\000m\000p\000e\000n\000s\000e}{section.5}% 25
\BOOKMARK [1][-]{section.6}{\376\377\000C\000o\000n\000c\000l\000u\000s\000i\000o\000n}{}% 26
